2025-08-08 09:47:54 [INFO]: GET / called
2025-08-08 10:17:05 [INFO]: GET /auth called
2025-08-08 10:17:10 [INFO]: GET /oauth2callback called
2025-08-08 10:17:18 [INFO]: GET / called
2025-08-08 10:35:13 [INFO]: GET / called
2025-08-08 10:35:17 [INFO]: GET /auth called
2025-08-08 10:35:29 [INFO]: GET /oauth2callback called
2025-08-08 10:35:36 [INFO]: GET / called
2025-08-08 11:11:04 [INFO]: GET / called
2025-08-08 11:11:05 [INFO]: GET /auth called
2025-08-08 11:11:15 [INFO]: GET /oauth2callback called
2025-08-08 11:11:20 [INFO]: GET / called
2025-08-08 12:00:13 [INFO]: Processed 1 email(s) successfully.
2025-08-08 12:00:19 [INFO]: No unread matching emails found.
2025-08-08 12:00:25 [INFO]: No unread matching emails found.
2025-08-08 12:00:31 [INFO]: No unread matching emails found.
2025-08-08 12:00:37 [INFO]: No unread matching emails found.
2025-08-08 12:00:43 [INFO]: No unread matching emails found.
2025-08-08 12:00:49 [INFO]: No unread matching emails found.
2025-08-08 12:00:55 [INFO]: No unread matching emails found.
2025-08-08 12:01:01 [INFO]: No unread matching emails found.
2025-08-08 12:01:07 [INFO]: No unread matching emails found.
2025-08-08 12:01:13 [INFO]: No unread matching emails found.
2025-08-08 12:01:19 [INFO]: No unread matching emails found.
2025-08-08 12:01:25 [INFO]: No unread matching emails found.
2025-08-08 12:01:31 [INFO]: No unread matching emails found.
2025-08-08 12:01:37 [INFO]: No unread matching emails found.
2025-08-08 12:01:43 [INFO]: No unread matching emails found.
2025-08-08 12:01:49 [INFO]: No unread matching emails found.
2025-08-08 12:01:55 [INFO]: No unread matching emails found.
2025-08-08 12:02:01 [INFO]: No unread matching emails found.
2025-08-08 12:02:07 [INFO]: No unread matching emails found.
2025-08-08 12:02:13 [INFO]: No unread matching emails found.
2025-08-08 12:02:19 [INFO]: No unread matching emails found.
2025-08-08 12:02:25 [INFO]: No unread matching emails found.
2025-08-08 12:02:31 [INFO]: No unread matching emails found.
2025-08-08 12:02:37 [INFO]: No unread matching emails found.
2025-08-08 12:02:43 [INFO]: No unread matching emails found.
2025-08-08 12:02:49 [INFO]: No unread matching emails found.
2025-08-08 12:02:55 [INFO]: No unread matching emails found.
2025-08-08 12:03:01 [INFO]: No unread matching emails found.
2025-08-08 12:03:07 [INFO]: No unread matching emails found.
2025-08-08 12:03:13 [INFO]: No unread matching emails found.
2025-08-08 12:03:19 [INFO]: No unread matching emails found.
2025-08-08 12:03:25 [INFO]: No unread matching emails found.
2025-08-08 12:03:31 [INFO]: No unread matching emails found.
2025-08-08 12:03:37 [INFO]: No unread matching emails found.
2025-08-08 12:03:43 [INFO]: No unread matching emails found.
2025-08-08 12:03:49 [INFO]: No unread matching emails found.
2025-08-08 12:03:55 [INFO]: No unread matching emails found.
2025-08-08 12:04:01 [INFO]: No unread matching emails found.
2025-08-08 12:04:07 [INFO]: No unread matching emails found.
2025-08-08 12:04:13 [INFO]: No unread matching emails found.
2025-08-08 12:04:19 [INFO]: No unread matching emails found.
2025-08-08 12:04:25 [INFO]: No unread matching emails found.
2025-08-08 12:04:31 [INFO]: No unread matching emails found.
2025-08-08 12:04:37 [INFO]: No unread matching emails found.
2025-08-08 12:04:43 [INFO]: No unread matching emails found.
2025-08-08 12:04:49 [INFO]: No unread matching emails found.
2025-08-08 12:05:12 [INFO]: No unread matching emails found.
2025-08-08 12:05:18 [INFO]: No unread matching emails found.
2025-08-08 12:05:24 [INFO]: No unread matching emails found.
2025-08-08 12:05:30 [INFO]: No unread matching emails found.
2025-08-08 12:05:36 [INFO]: No unread matching emails found.
2025-08-08 12:05:49 [INFO]: No unread matching emails found.
2025-08-08 12:05:55 [INFO]: No unread matching emails found.
